\BOOKMARK [1][-]{section.1}{Introduction}{}% 1
\BOOKMARK [1][-]{section.2}{Related Works}{}% 2
\BOOKMARK [2][-]{subsection.2.1}{Kernel k-means objective function}{section.2}% 3
\BOOKMARK [2][-]{subsection.2.2}{Algorithm}{section.2}% 4
\BOOKMARK [1][-]{section.3}{Foundations of the k-averages algorithm}{}% 5
\BOOKMARK [2][-]{subsection.3.1}{Conventions and possible objective functions}{section.3}% 6
\BOOKMARK [2][-]{subsection.3.2}{Naive k-averages}{section.3}% 7
\BOOKMARK [2][-]{subsection.3.3}{Impact of object reallocation on class quality}{section.3}% 8
\BOOKMARK [3][-]{subsubsection.3.3.1}{Removing an object from a class}{subsection.3.3}% 9
\BOOKMARK [3][-]{subsubsection.3.3.2}{Adding an object to a class}{subsection.3.3}% 10
\BOOKMARK [2][-]{subsection.3.4}{Impact of object reallocation on the global objective function}{section.3}% 11
\BOOKMARK [3][-]{subsubsection.3.4.1}{Class-normalized objective function}{subsection.3.4}% 12
\BOOKMARK [3][-]{subsubsection.3.4.2}{Object-normalized objective function}{subsection.3.4}% 13
\BOOKMARK [1][-]{section.4}{K-averages algorithm}{}% 14
\BOOKMARK [1][-]{section.5}{Complexity analysis}{}% 15
\BOOKMARK [2][-]{subsection.5.1}{Computational complexity}{section.5}% 16
\BOOKMARK [3][-]{subsubsection.5.1.1}{Kernel k-means}{subsection.5.1}% 17
\BOOKMARK [3][-]{subsubsection.5.1.2}{K-averages}{subsection.5.1}% 18
\BOOKMARK [2][-]{subsection.5.2}{Memory access}{section.5}% 19
\BOOKMARK [2][-]{subsection.5.3}{Actual running time}{section.5}% 20
\BOOKMARK [1][-]{section.6}{Comparison of approaches}{}% 21
\BOOKMARK [1][-]{section.7}{Validation}{}% 22
\BOOKMARK [1][-]{section.8}{Experiments}{}% 23
\BOOKMARK [2][-]{subsection.8.1}{Datasets}{section.8}% 24
\BOOKMARK [2][-]{subsection.8.2}{Evaluation Protocol}{section.8}% 25
\BOOKMARK [2][-]{subsection.8.3}{Results}{section.8}% 26
\BOOKMARK [2][-]{subsection.8.4}{From Progressive to Batch Updates}{section.8}% 27
\BOOKMARK [2][-]{subsection.8.5}{From Raw to Object Normalized Criterion}{section.8}% 28
\BOOKMARK [1][-]{section.9}{Discussion}{}% 29
\BOOKMARK [1][-]{section.10}{Conclusion}{}% 30
